2025-08-14T20:37:12.258+08:00  INFO 21816 --- [demo] [restartedMain] c.m.d.application.SpringBootApplication  : Starting SpringBootApplication using Java 17.0.9 with PID 21816 (C:\Users\doubl\OneDrive\maybank interview assessment\target\classes started by doubl in C:\Users\doubl\OneDrive\maybank interview assessment)
2025-08-14T20:37:12.292+08:00  INFO 21816 --- [demo] [restartedMain] c.m.d.application.SpringBootApplication  : No active profile set, falling back to 1 default profile: "default"
2025-08-14T20:37:12.616+08:00  INFO 21816 --- [demo] [restartedMain] .e.DevToolsPropertyDefaultsPostProcessor : Devtools property defaults active! Set 'spring.devtools.add-properties' to 'false' to disable
2025-08-14T20:37:12.618+08:00  INFO 21816 --- [demo] [restartedMain] .e.DevToolsPropertyDefaultsPostProcessor : For additional web related logging consider setting the 'logging.level.web' property to 'DEBUG'
2025-08-14T20:37:14.943+08:00  INFO 21816 --- [demo] [restartedMain] .s.d.r.c.RepositoryConfigurationDelegate : Bootstrapping Spring Data JPA repositories in DEFAULT mode.
2025-08-14T20:37:15.103+08:00  INFO 21816 --- [demo] [restartedMain] .s.d.r.c.RepositoryConfigurationDelegate : Finished Spring Data repository scanning in 129 ms. Found 2 JPA repository interfaces.
2025-08-14T20:37:18.207+08:00  INFO 21816 --- [demo] [restartedMain] o.s.b.w.embedded.tomcat.TomcatWebServer  : Tomcat initialized with port 8080 (http)
2025-08-14T20:37:18.282+08:00  INFO 21816 --- [demo] [restartedMain] o.apache.catalina.core.StandardService   : Starting service [Tomcat]
2025-08-14T20:37:18.282+08:00  INFO 21816 --- [demo] [restartedMain] o.apache.catalina.core.StandardEngine    : Starting Servlet engine: [Apache Tomcat/10.1.43]
2025-08-14T20:37:18.476+08:00  INFO 21816 --- [demo] [restartedMain] o.a.c.c.C.[Tomcat].[localhost].[/]       : Initializing Spring embedded WebApplicationContext
2025-08-14T20:37:18.478+08:00  INFO 21816 --- [demo] [restartedMain] w.s.c.ServletWebServerApplicationContext : Root WebApplicationContext: initialization completed in 5856 ms
2025-08-14T20:37:19.407+08:00  INFO 21816 --- [demo] [restartedMain] o.hibernate.jpa.internal.util.LogHelper  : HHH000204: Processing PersistenceUnitInfo [name: default]
2025-08-14T20:37:19.707+08:00  INFO 21816 --- [demo] [restartedMain] org.hibernate.Version                    : HHH000412: Hibernate ORM core version 6.6.22.Final
2025-08-14T20:37:19.895+08:00  INFO 21816 --- [demo] [restartedMain] o.h.c.internal.RegionFactoryInitiator    : HHH000026: Second-level cache disabled
2025-08-14T20:37:21.147+08:00  INFO 21816 --- [demo] [restartedMain] o.s.o.j.p.SpringPersistenceUnitInfo      : No LoadTimeWeaver setup: ignoring JPA class transformer
2025-08-14T20:37:21.246+08:00  INFO 21816 --- [demo] [restartedMain] com.zaxxer.hikari.HikariDataSource       : HikariPool-1 - Starting...
2025-08-14T20:37:22.170+08:00  INFO 21816 --- [demo] [restartedMain] com.zaxxer.hikari.pool.HikariPool        : HikariPool-1 - Added connection com.mysql.cj.jdbc.ConnectionImpl@138041c0
2025-08-14T20:37:22.177+08:00  INFO 21816 --- [demo] [restartedMain] com.zaxxer.hikari.HikariDataSource       : HikariPool-1 - Start completed.
2025-08-14T20:37:22.334+08:00  WARN 21816 --- [demo] [restartedMain] org.hibernate.orm.deprecation            : HHH90000025: MySQL8Dialect does not need to be specified explicitly using 'hibernate.dialect' (remove the property setting and it will be selected by default)
2025-08-14T20:37:22.336+08:00  WARN 21816 --- [demo] [restartedMain] org.hibernate.orm.deprecation            : HHH90000026: MySQL8Dialect has been deprecated; use org.hibernate.dialect.MySQLDialect instead
2025-08-14T20:37:22.383+08:00  INFO 21816 --- [demo] [restartedMain] org.hibernate.orm.connections.pooling    : HHH10001005: Database info:
	Database JDBC URL [Connecting through datasource 'HikariDataSource (HikariPool-1)']
	Database driver: undefined/unknown
	Database version: 8.0
	Autocommit mode: undefined/unknown
	Isolation level: undefined/unknown
	Minimum pool size: undefined/unknown
	Maximum pool size: undefined/unknown
2025-08-14T20:37:24.769+08:00  INFO 21816 --- [demo] [restartedMain] o.h.e.t.j.p.i.JtaPlatformInitiator       : HHH000489: No JTA platform available (set 'hibernate.transaction.jta.platform' to enable JTA platform integration)
2025-08-14T20:37:24.939+08:00  INFO 21816 --- [demo] [restartedMain] j.LocalContainerEntityManagerFactoryBean : Initialized JPA EntityManagerFactory for persistence unit 'default'
2025-08-14T20:37:26.194+08:00  WARN 21816 --- [demo] [restartedMain] ConfigServletWebServerApplicationContext : Exception encountered during context initialization - cancelling refresh attempt: org.springframework.beans.factory.BeanCreationException: Error creating bean with name 'loggingAspect' defined in class path resource [com/maybank/demo/configuration/ApplicationConfiguration.class]: Failed to instantiate [com.maybank.demo.aspect.LoggingMethodAspect]: Factory method 'loggingAspect' threw exception with message: Error creating bean with name 'loggingAspect': Requested bean is currently in creation: Is there an unresolvable circular reference or an asynchronous initialization dependency?
2025-08-14T20:37:26.194+08:00  INFO 21816 --- [demo] [restartedMain] j.LocalContainerEntityManagerFactoryBean : Closing JPA EntityManagerFactory for persistence unit 'default'
2025-08-14T20:37:26.210+08:00  INFO 21816 --- [demo] [restartedMain] com.zaxxer.hikari.HikariDataSource       : HikariPool-1 - Shutdown initiated...
2025-08-14T20:37:26.237+08:00  INFO 21816 --- [demo] [restartedMain] com.zaxxer.hikari.HikariDataSource       : HikariPool-1 - Shutdown completed.
2025-08-14T20:37:26.245+08:00  INFO 21816 --- [demo] [restartedMain] o.apache.catalina.core.StandardService   : Stopping service [Tomcat]
2025-08-14T20:37:26.292+08:00  INFO 21816 --- [demo] [restartedMain] .s.b.a.l.ConditionEvaluationReportLogger : 

Error starting ApplicationContext. To display the condition evaluation report re-run your application with 'debug' enabled.
2025-08-14T20:37:26.427+08:00 ERROR 21816 --- [demo] [restartedMain] o.s.b.d.LoggingFailureAnalysisReporter   : 

***************************
APPLICATION FAILED TO START
***************************

Description:

The dependencies of some of the beans in the application context form a cycle:

┌──->──┐
|  loggingAspect defined in class path resource [com/maybank/demo/configuration/ApplicationConfiguration.class]
└──<-──┘


Action:

Relying upon circular references is discouraged and they are prohibited by default. Update your application to remove the dependency cycle between beans. As a last resort, it may be possible to break the cycle automatically by setting spring.main.allow-circular-references to true.

2025-08-14T20:40:29.291+08:00  INFO 13564 --- [demo] [restartedMain] c.m.d.application.SpringBootApplication  : Starting SpringBootApplication using Java 17.0.9 with PID 13564 (C:\Users\doubl\OneDrive\maybank interview assessment\target\classes started by doubl in C:\Users\doubl\OneDrive\maybank interview assessment)
2025-08-14T20:40:29.298+08:00  INFO 13564 --- [demo] [restartedMain] c.m.d.application.SpringBootApplication  : No active profile set, falling back to 1 default profile: "default"
2025-08-14T20:40:29.477+08:00  INFO 13564 --- [demo] [restartedMain] .e.DevToolsPropertyDefaultsPostProcessor : Devtools property defaults active! Set 'spring.devtools.add-properties' to 'false' to disable
2025-08-14T20:40:29.477+08:00  INFO 13564 --- [demo] [restartedMain] .e.DevToolsPropertyDefaultsPostProcessor : For additional web related logging consider setting the 'logging.level.web' property to 'DEBUG'
2025-08-14T20:40:30.589+08:00  INFO 13564 --- [demo] [restartedMain] .s.d.r.c.RepositoryConfigurationDelegate : Bootstrapping Spring Data JPA repositories in DEFAULT mode.
2025-08-14T20:40:30.676+08:00  INFO 13564 --- [demo] [restartedMain] .s.d.r.c.RepositoryConfigurationDelegate : Finished Spring Data repository scanning in 72 ms. Found 2 JPA repository interfaces.
2025-08-14T20:40:32.652+08:00  INFO 13564 --- [demo] [restartedMain] o.s.b.w.embedded.tomcat.TomcatWebServer  : Tomcat initialized with port 8080 (http)
2025-08-14T20:40:32.688+08:00  INFO 13564 --- [demo] [restartedMain] o.apache.catalina.core.StandardService   : Starting service [Tomcat]
2025-08-14T20:40:32.689+08:00  INFO 13564 --- [demo] [restartedMain] o.apache.catalina.core.StandardEngine    : Starting Servlet engine: [Apache Tomcat/10.1.43]
2025-08-14T20:40:32.755+08:00  INFO 13564 --- [demo] [restartedMain] o.a.c.c.C.[Tomcat].[localhost].[/]       : Initializing Spring embedded WebApplicationContext
2025-08-14T20:40:32.756+08:00  INFO 13564 --- [demo] [restartedMain] w.s.c.ServletWebServerApplicationContext : Root WebApplicationContext: initialization completed in 3278 ms
2025-08-14T20:40:33.302+08:00  INFO 13564 --- [demo] [restartedMain] o.hibernate.jpa.internal.util.LogHelper  : HHH000204: Processing PersistenceUnitInfo [name: default]
2025-08-14T20:40:33.524+08:00  INFO 13564 --- [demo] [restartedMain] org.hibernate.Version                    : HHH000412: Hibernate ORM core version 6.6.22.Final
2025-08-14T20:40:33.635+08:00  INFO 13564 --- [demo] [restartedMain] o.h.c.internal.RegionFactoryInitiator    : HHH000026: Second-level cache disabled
2025-08-14T20:40:34.373+08:00  INFO 13564 --- [demo] [restartedMain] o.s.o.j.p.SpringPersistenceUnitInfo      : No LoadTimeWeaver setup: ignoring JPA class transformer
2025-08-14T20:40:34.442+08:00  INFO 13564 --- [demo] [restartedMain] com.zaxxer.hikari.HikariDataSource       : HikariPool-1 - Starting...
2025-08-14T20:40:34.981+08:00  INFO 13564 --- [demo] [restartedMain] com.zaxxer.hikari.pool.HikariPool        : HikariPool-1 - Added connection com.mysql.cj.jdbc.ConnectionImpl@6b8dcd38
2025-08-14T20:40:34.983+08:00  INFO 13564 --- [demo] [restartedMain] com.zaxxer.hikari.HikariDataSource       : HikariPool-1 - Start completed.
2025-08-14T20:40:35.073+08:00  WARN 13564 --- [demo] [restartedMain] org.hibernate.orm.deprecation            : HHH90000025: MySQL8Dialect does not need to be specified explicitly using 'hibernate.dialect' (remove the property setting and it will be selected by default)
2025-08-14T20:40:35.073+08:00  WARN 13564 --- [demo] [restartedMain] org.hibernate.orm.deprecation            : HHH90000026: MySQL8Dialect has been deprecated; use org.hibernate.dialect.MySQLDialect instead
2025-08-14T20:40:35.090+08:00  INFO 13564 --- [demo] [restartedMain] org.hibernate.orm.connections.pooling    : HHH10001005: Database info:
	Database JDBC URL [Connecting through datasource 'HikariDataSource (HikariPool-1)']
	Database driver: undefined/unknown
	Database version: 8.0
	Autocommit mode: undefined/unknown
	Isolation level: undefined/unknown
	Minimum pool size: undefined/unknown
	Maximum pool size: undefined/unknown
2025-08-14T20:40:36.418+08:00  INFO 13564 --- [demo] [restartedMain] o.h.e.t.j.p.i.JtaPlatformInitiator       : HHH000489: No JTA platform available (set 'hibernate.transaction.jta.platform' to enable JTA platform integration)
2025-08-14T20:40:36.544+08:00  INFO 13564 --- [demo] [restartedMain] j.LocalContainerEntityManagerFactoryBean : Initialized JPA EntityManagerFactory for persistence unit 'default'
2025-08-14T20:40:37.541+08:00  WARN 13564 --- [demo] [restartedMain] JpaBaseConfiguration$JpaWebConfiguration : spring.jpa.open-in-view is enabled by default. Therefore, database queries may be performed during view rendering. Explicitly configure spring.jpa.open-in-view to disable this warning
2025-08-14T20:40:38.893+08:00  INFO 13564 --- [demo] [restartedMain] o.s.b.d.a.OptionalLiveReloadServer       : LiveReload server is running on port 35729
2025-08-14T20:40:38.989+08:00  INFO 13564 --- [demo] [restartedMain] o.s.b.w.embedded.tomcat.TomcatWebServer  : Tomcat started on port 8080 (http) with context path '/'
2025-08-14T20:40:39.010+08:00  INFO 13564 --- [demo] [restartedMain] c.m.d.application.SpringBootApplication  : Started SpringBootApplication in 10.77 seconds (process running for 11.612)
2025-08-14T20:43:26.437+08:00  INFO 13564 --- [demo] [http-nio-8080-exec-1] o.a.c.c.C.[Tomcat].[localhost].[/]       : Initializing Spring DispatcherServlet 'dispatcherServlet'
2025-08-14T20:43:26.440+08:00  INFO 13564 --- [demo] [http-nio-8080-exec-1] o.s.web.servlet.DispatcherServlet        : Initializing Servlet 'dispatcherServlet'
2025-08-14T20:43:26.442+08:00  INFO 13564 --- [demo] [http-nio-8080-exec-1] o.s.web.servlet.DispatcherServlet        : Completed initialization in 2 ms
2025-08-14T20:43:26.598+08:00  INFO 13564 --- [demo] [http-nio-8080-exec-1] c.m.demo.aspect.LoggingMethodAspect      : ------- getAccountDetailsstarted 
2025-08-14T20:43:26.599+08:00  INFO 13564 --- [demo] [http-nio-8080-exec-1] c.m.demo.aspect.LoggingMethodAspect      : ------- Parameters :[1]
2025-08-14T20:43:26.600+08:00  INFO 13564 --- [demo] [http-nio-8080-exec-1] c.m.demo.aspect.LoggingMethodAspect      : ------- findAccountByIdstarted 
2025-08-14T20:43:26.600+08:00  INFO 13564 --- [demo] [http-nio-8080-exec-1] c.m.demo.aspect.LoggingMethodAspect      : ------- Parameters :[1]
2025-08-14T20:43:26.763+08:00  INFO 13564 --- [demo] [http-nio-8080-exec-1] c.m.demo.aspect.LoggingMethodAspect      : ------- findAccountByIdcompleted 
2025-08-14T20:43:26.805+08:00  WARN 13564 --- [demo] [http-nio-8080-exec-1] .m.m.a.ExceptionHandlerExceptionResolver : Resolved [java.lang.NullPointerException: Cannot invoke "java.util.Optional.orElseThrow(java.util.function.Supplier)" because the return value of "com.maybank.demo.service.AccountService.findAccountById(java.lang.Long)" is null]
2025-08-14T20:43:26.807+08:00  INFO 13564 --- [demo] [http-nio-8080-exec-1] com.maybank.demo.filter.LoggingFilter    : Incoming Request: GET /api/accounts/1 Body: 
2025-08-14T20:43:26.807+08:00  INFO 13564 --- [demo] [http-nio-8080-exec-1] com.maybank.demo.filter.LoggingFilter    : Outgoing Response: Status: 500 Body: {"error":"Internal server error: Cannot invoke \"java.util.Optional.orElseThrow(java.util.function.Supplier)\" because the return value of \"com.maybank.demo.service.AccountService.findAccountById(java.lang.Long)\" is null"}
2025-08-14T20:45:21.998+08:00  INFO 13564 --- [demo] [http-nio-8080-exec-4] c.m.demo.aspect.LoggingMethodAspect      : ------- getAccountsstarted 
2025-08-14T20:45:21.999+08:00  INFO 13564 --- [demo] [http-nio-8080-exec-4] c.m.demo.aspect.LoggingMethodAspect      : ------- Parameters :[0, 10]
2025-08-14T20:45:21.999+08:00  INFO 13564 --- [demo] [http-nio-8080-exec-4] c.m.demo.aspect.LoggingMethodAspect      : ------- findAccountsstarted 
2025-08-14T20:45:21.999+08:00  INFO 13564 --- [demo] [http-nio-8080-exec-4] c.m.demo.aspect.LoggingMethodAspect      : ------- Parameters :[0, 10]
2025-08-14T20:45:21.999+08:00  INFO 13564 --- [demo] [http-nio-8080-exec-4] c.maybank.demo.service.AccountService    : ------------Start AccountService -> findAccounts()------------
2025-08-14T20:45:22.000+08:00  INFO 13564 --- [demo] [http-nio-8080-exec-4] c.maybank.demo.service.AccountService    : Page Number: 0 PageSize: 10
2025-08-14T20:45:22.151+08:00  INFO 13564 --- [demo] [http-nio-8080-exec-4] c.maybank.demo.service.AccountService    : ------------End AccountService -> findAccounts()------------
2025-08-14T20:45:22.152+08:00  INFO 13564 --- [demo] [http-nio-8080-exec-4] c.m.demo.aspect.LoggingMethodAspect      : ------- findAccountscompleted 
2025-08-14T20:45:22.154+08:00  WARN 13564 --- [demo] [http-nio-8080-exec-4] .m.m.a.ExceptionHandlerExceptionResolver : Resolved [java.lang.NullPointerException: Cannot invoke "org.springframework.data.domain.Page.getContent()" because "accountList" is null]
2025-08-14T20:45:22.154+08:00  INFO 13564 --- [demo] [http-nio-8080-exec-4] com.maybank.demo.filter.LoggingFilter    : Incoming Request: GET /api/accounts Body: 
2025-08-14T20:45:22.154+08:00  INFO 13564 --- [demo] [http-nio-8080-exec-4] com.maybank.demo.filter.LoggingFilter    : Outgoing Response: Status: 500 Body: {"error":"Internal server error: Cannot invoke \"org.springframework.data.domain.Page.getContent()\" because \"accountList\" is null"}
2025-08-14T20:45:45.125+08:00  INFO 13564 --- [demo] [SpringApplicationShutdownHook] o.s.b.w.e.tomcat.GracefulShutdown        : Commencing graceful shutdown. Waiting for active requests to complete
2025-08-14T20:45:45.244+08:00  INFO 13564 --- [demo] [tomcat-shutdown] o.s.b.w.e.tomcat.GracefulShutdown        : Graceful shutdown complete
2025-08-14T20:45:45.244+08:00  INFO 13564 --- [demo] [SpringApplicationShutdownHook] j.LocalContainerEntityManagerFactoryBean : Closing JPA EntityManagerFactory for persistence unit 'default'
2025-08-14T20:45:45.259+08:00  INFO 13564 --- [demo] [SpringApplicationShutdownHook] com.zaxxer.hikari.HikariDataSource       : HikariPool-1 - Shutdown initiated...
2025-08-14T20:45:45.275+08:00  INFO 13564 --- [demo] [SpringApplicationShutdownHook] com.zaxxer.hikari.HikariDataSource       : HikariPool-1 - Shutdown completed.
2025-08-14T20:45:50.488+08:00  INFO 9560 --- [demo] [restartedMain] c.m.d.application.SpringBootApplication  : Starting SpringBootApplication using Java 17.0.9 with PID 9560 (C:\Users\doubl\OneDrive\maybank interview assessment\target\classes started by doubl in C:\Users\doubl\OneDrive\maybank interview assessment)
2025-08-14T20:45:50.491+08:00  INFO 9560 --- [demo] [restartedMain] c.m.d.application.SpringBootApplication  : No active profile set, falling back to 1 default profile: "default"
2025-08-14T20:45:50.650+08:00  INFO 9560 --- [demo] [restartedMain] .e.DevToolsPropertyDefaultsPostProcessor : Devtools property defaults active! Set 'spring.devtools.add-properties' to 'false' to disable
2025-08-14T20:45:50.650+08:00  INFO 9560 --- [demo] [restartedMain] .e.DevToolsPropertyDefaultsPostProcessor : For additional web related logging consider setting the 'logging.level.web' property to 'DEBUG'
2025-08-14T20:45:51.647+08:00  INFO 9560 --- [demo] [restartedMain] .s.d.r.c.RepositoryConfigurationDelegate : Bootstrapping Spring Data JPA repositories in DEFAULT mode.
2025-08-14T20:45:51.756+08:00  INFO 9560 --- [demo] [restartedMain] .s.d.r.c.RepositoryConfigurationDelegate : Finished Spring Data repository scanning in 85 ms. Found 2 JPA repository interfaces.
2025-08-14T20:45:53.714+08:00  INFO 9560 --- [demo] [restartedMain] o.s.b.w.embedded.tomcat.TomcatWebServer  : Tomcat initialized with port 8080 (http)
2025-08-14T20:45:53.768+08:00  INFO 9560 --- [demo] [restartedMain] o.apache.catalina.core.StandardService   : Starting service [Tomcat]
2025-08-14T20:45:53.768+08:00  INFO 9560 --- [demo] [restartedMain] o.apache.catalina.core.StandardEngine    : Starting Servlet engine: [Apache Tomcat/10.1.43]
2025-08-14T20:45:53.863+08:00  INFO 9560 --- [demo] [restartedMain] o.a.c.c.C.[Tomcat].[localhost].[/]       : Initializing Spring embedded WebApplicationContext
2025-08-14T20:45:53.863+08:00  INFO 9560 --- [demo] [restartedMain] w.s.c.ServletWebServerApplicationContext : Root WebApplicationContext: initialization completed in 3213 ms
2025-08-14T20:45:54.451+08:00  INFO 9560 --- [demo] [restartedMain] o.hibernate.jpa.internal.util.LogHelper  : HHH000204: Processing PersistenceUnitInfo [name: default]
2025-08-14T20:45:54.594+08:00  INFO 9560 --- [demo] [restartedMain] org.hibernate.Version                    : HHH000412: Hibernate ORM core version 6.6.22.Final
2025-08-14T20:45:54.705+08:00  INFO 9560 --- [demo] [restartedMain] o.h.c.internal.RegionFactoryInitiator    : HHH000026: Second-level cache disabled
2025-08-14T20:45:55.200+08:00  INFO 9560 --- [demo] [restartedMain] o.s.o.j.p.SpringPersistenceUnitInfo      : No LoadTimeWeaver setup: ignoring JPA class transformer
2025-08-14T20:45:55.260+08:00  INFO 9560 --- [demo] [restartedMain] com.zaxxer.hikari.HikariDataSource       : HikariPool-1 - Starting...
2025-08-14T20:45:55.718+08:00  INFO 9560 --- [demo] [restartedMain] com.zaxxer.hikari.pool.HikariPool        : HikariPool-1 - Added connection com.mysql.cj.jdbc.ConnectionImpl@21484de1
2025-08-14T20:45:55.718+08:00  INFO 9560 --- [demo] [restartedMain] com.zaxxer.hikari.HikariDataSource       : HikariPool-1 - Start completed.
2025-08-14T20:45:55.782+08:00  WARN 9560 --- [demo] [restartedMain] org.hibernate.orm.deprecation            : HHH90000025: MySQL8Dialect does not need to be specified explicitly using 'hibernate.dialect' (remove the property setting and it will be selected by default)
2025-08-14T20:45:55.782+08:00  WARN 9560 --- [demo] [restartedMain] org.hibernate.orm.deprecation            : HHH90000026: MySQL8Dialect has been deprecated; use org.hibernate.dialect.MySQLDialect instead
2025-08-14T20:45:55.814+08:00  INFO 9560 --- [demo] [restartedMain] org.hibernate.orm.connections.pooling    : HHH10001005: Database info:
	Database JDBC URL [Connecting through datasource 'HikariDataSource (HikariPool-1)']
	Database driver: undefined/unknown
	Database version: 8.0
	Autocommit mode: undefined/unknown
	Isolation level: undefined/unknown
	Minimum pool size: undefined/unknown
	Maximum pool size: undefined/unknown
2025-08-14T20:45:56.890+08:00  INFO 9560 --- [demo] [restartedMain] o.h.e.t.j.p.i.JtaPlatformInitiator       : HHH000489: No JTA platform available (set 'hibernate.transaction.jta.platform' to enable JTA platform integration)
2025-08-14T20:45:56.938+08:00  INFO 9560 --- [demo] [restartedMain] j.LocalContainerEntityManagerFactoryBean : Initialized JPA EntityManagerFactory for persistence unit 'default'
2025-08-14T20:45:57.680+08:00  WARN 9560 --- [demo] [restartedMain] JpaBaseConfiguration$JpaWebConfiguration : spring.jpa.open-in-view is enabled by default. Therefore, database queries may be performed during view rendering. Explicitly configure spring.jpa.open-in-view to disable this warning
2025-08-14T20:45:58.582+08:00  INFO 9560 --- [demo] [restartedMain] o.s.b.d.a.OptionalLiveReloadServer       : LiveReload server is running on port 35729
2025-08-14T20:45:58.645+08:00  INFO 9560 --- [demo] [restartedMain] o.s.b.w.embedded.tomcat.TomcatWebServer  : Tomcat started on port 8080 (http) with context path '/'
2025-08-14T20:45:58.661+08:00  INFO 9560 --- [demo] [restartedMain] c.m.d.application.SpringBootApplication  : Started SpringBootApplication in 9.18 seconds (process running for 9.894)
2025-08-14T20:46:15.406+08:00  INFO 9560 --- [demo] [http-nio-8080-exec-2] o.a.c.c.C.[Tomcat].[localhost].[/]       : Initializing Spring DispatcherServlet 'dispatcherServlet'
2025-08-14T20:46:15.406+08:00  INFO 9560 --- [demo] [http-nio-8080-exec-2] o.s.web.servlet.DispatcherServlet        : Initializing Servlet 'dispatcherServlet'
2025-08-14T20:46:15.408+08:00  INFO 9560 --- [demo] [http-nio-8080-exec-2] o.s.web.servlet.DispatcherServlet        : Completed initialization in 1 ms
2025-08-14T20:46:15.561+08:00  INFO 9560 --- [demo] [http-nio-8080-exec-2] c.m.demo.aspect.LoggingMethodAspect      : ------- getAccounts started 
2025-08-14T20:46:15.563+08:00  INFO 9560 --- [demo] [http-nio-8080-exec-2] c.m.demo.aspect.LoggingMethodAspect      : ------- Parameters :[0, 10]
2025-08-14T20:46:15.563+08:00  INFO 9560 --- [demo] [http-nio-8080-exec-2] c.m.demo.aspect.LoggingMethodAspect      : ------- findAccounts started 
2025-08-14T20:46:15.563+08:00  INFO 9560 --- [demo] [http-nio-8080-exec-2] c.m.demo.aspect.LoggingMethodAspect      : ------- Parameters :[0, 10]
2025-08-14T20:46:15.563+08:00  INFO 9560 --- [demo] [http-nio-8080-exec-2] c.maybank.demo.service.AccountService    : ------------Start AccountService -> findAccounts()------------
2025-08-14T20:46:15.564+08:00  INFO 9560 --- [demo] [http-nio-8080-exec-2] c.maybank.demo.service.AccountService    : Page Number: 0 PageSize: 10
2025-08-14T20:46:15.777+08:00  INFO 9560 --- [demo] [http-nio-8080-exec-2] c.maybank.demo.service.AccountService    : ------------End AccountService -> findAccounts()------------
2025-08-14T20:46:15.777+08:00  INFO 9560 --- [demo] [http-nio-8080-exec-2] c.m.demo.aspect.LoggingMethodAspect      : ------- findAccounts completed 
2025-08-14T20:46:15.842+08:00  WARN 9560 --- [demo] [http-nio-8080-exec-2] .m.m.a.ExceptionHandlerExceptionResolver : Resolved [java.lang.NullPointerException: Cannot invoke "org.springframework.data.domain.Page.getContent()" because "accountList" is null]
2025-08-14T20:46:15.844+08:00  INFO 9560 --- [demo] [http-nio-8080-exec-2] com.maybank.demo.filter.LoggingFilter    : Incoming Request: GET /api/accounts Body: 
2025-08-14T20:46:15.844+08:00  INFO 9560 --- [demo] [http-nio-8080-exec-2] com.maybank.demo.filter.LoggingFilter    : Outgoing Response: Status: 500 Body: {"error":"Internal server error: Cannot invoke \"org.springframework.data.domain.Page.getContent()\" because \"accountList\" is null"}
2025-08-14T20:46:20.144+08:00  INFO 9560 --- [demo] [http-nio-8080-exec-4] c.m.demo.aspect.LoggingMethodAspect      : ------- getAccountDetails started 
2025-08-14T20:46:20.144+08:00  INFO 9560 --- [demo] [http-nio-8080-exec-4] c.m.demo.aspect.LoggingMethodAspect      : ------- Parameters :[1]
2025-08-14T20:46:20.145+08:00  INFO 9560 --- [demo] [http-nio-8080-exec-4] c.m.demo.aspect.LoggingMethodAspect      : ------- findAccountById started 
2025-08-14T20:46:20.145+08:00  INFO 9560 --- [demo] [http-nio-8080-exec-4] c.m.demo.aspect.LoggingMethodAspect      : ------- Parameters :[1]
2025-08-14T20:46:20.159+08:00  INFO 9560 --- [demo] [http-nio-8080-exec-4] c.m.demo.aspect.LoggingMethodAspect      : ------- findAccountById completed 
2025-08-14T20:46:20.161+08:00  WARN 9560 --- [demo] [http-nio-8080-exec-4] .m.m.a.ExceptionHandlerExceptionResolver : Resolved [java.lang.NullPointerException: Cannot invoke "java.util.Optional.orElseThrow(java.util.function.Supplier)" because the return value of "com.maybank.demo.service.AccountService.findAccountById(java.lang.Long)" is null]
2025-08-14T20:46:20.161+08:00  INFO 9560 --- [demo] [http-nio-8080-exec-4] com.maybank.demo.filter.LoggingFilter    : Incoming Request: GET /api/accounts/1 Body: 
2025-08-14T20:46:20.162+08:00  INFO 9560 --- [demo] [http-nio-8080-exec-4] com.maybank.demo.filter.LoggingFilter    : Outgoing Response: Status: 500 Body: {"error":"Internal server error: Cannot invoke \"java.util.Optional.orElseThrow(java.util.function.Supplier)\" because the return value of \"com.maybank.demo.service.AccountService.findAccountById(java.lang.Long)\" is null"}
2025-08-14T20:46:21.209+08:00  INFO 9560 --- [demo] [http-nio-8080-exec-6] c.m.demo.aspect.LoggingMethodAspect      : ------- getAccountDetails started 
2025-08-14T20:46:21.209+08:00  INFO 9560 --- [demo] [http-nio-8080-exec-6] c.m.demo.aspect.LoggingMethodAspect      : ------- Parameters :[1]
2025-08-14T20:46:21.209+08:00  INFO 9560 --- [demo] [http-nio-8080-exec-6] c.m.demo.aspect.LoggingMethodAspect      : ------- findAccountById started 
2025-08-14T20:46:21.209+08:00  INFO 9560 --- [demo] [http-nio-8080-exec-6] c.m.demo.aspect.LoggingMethodAspect      : ------- Parameters :[1]
2025-08-14T20:46:21.217+08:00  INFO 9560 --- [demo] [http-nio-8080-exec-6] c.m.demo.aspect.LoggingMethodAspect      : ------- findAccountById completed 
2025-08-14T20:46:21.219+08:00  WARN 9560 --- [demo] [http-nio-8080-exec-6] .m.m.a.ExceptionHandlerExceptionResolver : Resolved [java.lang.NullPointerException: Cannot invoke "java.util.Optional.orElseThrow(java.util.function.Supplier)" because the return value of "com.maybank.demo.service.AccountService.findAccountById(java.lang.Long)" is null]
2025-08-14T20:46:21.220+08:00  INFO 9560 --- [demo] [http-nio-8080-exec-6] com.maybank.demo.filter.LoggingFilter    : Incoming Request: GET /api/accounts/1 Body: 
2025-08-14T20:46:21.221+08:00  INFO 9560 --- [demo] [http-nio-8080-exec-6] com.maybank.demo.filter.LoggingFilter    : Outgoing Response: Status: 500 Body: {"error":"Internal server error: Cannot invoke \"java.util.Optional.orElseThrow(java.util.function.Supplier)\" because the return value of \"com.maybank.demo.service.AccountService.findAccountById(java.lang.Long)\" is null"}
2025-08-14T20:47:27.863+08:00  INFO 9560 --- [demo] [SpringApplicationShutdownHook] o.s.b.w.e.tomcat.GracefulShutdown        : Commencing graceful shutdown. Waiting for active requests to complete
2025-08-14T20:47:27.991+08:00  INFO 9560 --- [demo] [tomcat-shutdown] o.s.b.w.e.tomcat.GracefulShutdown        : Graceful shutdown complete
2025-08-14T20:47:27.991+08:00  INFO 9560 --- [demo] [SpringApplicationShutdownHook] j.LocalContainerEntityManagerFactoryBean : Closing JPA EntityManagerFactory for persistence unit 'default'
2025-08-14T20:47:28.003+08:00  INFO 9560 --- [demo] [SpringApplicationShutdownHook] com.zaxxer.hikari.HikariDataSource       : HikariPool-1 - Shutdown initiated...
2025-08-14T20:47:28.006+08:00  INFO 9560 --- [demo] [SpringApplicationShutdownHook] com.zaxxer.hikari.HikariDataSource       : HikariPool-1 - Shutdown completed.
2025-08-14T20:47:32.519+08:00  INFO 14720 --- [demo] [restartedMain] c.m.d.application.SpringBootApplication  : Starting SpringBootApplication using Java 17.0.9 with PID 14720 (C:\Users\doubl\OneDrive\maybank interview assessment\target\classes started by doubl in C:\Users\doubl\OneDrive\maybank interview assessment)
2025-08-14T20:47:32.519+08:00  INFO 14720 --- [demo] [restartedMain] c.m.d.application.SpringBootApplication  : No active profile set, falling back to 1 default profile: "default"
2025-08-14T20:47:32.654+08:00  INFO 14720 --- [demo] [restartedMain] .e.DevToolsPropertyDefaultsPostProcessor : Devtools property defaults active! Set 'spring.devtools.add-properties' to 'false' to disable
2025-08-14T20:47:32.654+08:00  INFO 14720 --- [demo] [restartedMain] .e.DevToolsPropertyDefaultsPostProcessor : For additional web related logging consider setting the 'logging.level.web' property to 'DEBUG'
2025-08-14T20:47:33.669+08:00  INFO 14720 --- [demo] [restartedMain] .s.d.r.c.RepositoryConfigurationDelegate : Bootstrapping Spring Data JPA repositories in DEFAULT mode.
2025-08-14T20:47:33.753+08:00  INFO 14720 --- [demo] [restartedMain] .s.d.r.c.RepositoryConfigurationDelegate : Finished Spring Data repository scanning in 72 ms. Found 2 JPA repository interfaces.
2025-08-14T20:47:35.514+08:00  INFO 14720 --- [demo] [restartedMain] o.s.b.w.embedded.tomcat.TomcatWebServer  : Tomcat initialized with port 8080 (http)
2025-08-14T20:47:35.542+08:00  INFO 14720 --- [demo] [restartedMain] o.apache.catalina.core.StandardService   : Starting service [Tomcat]
2025-08-14T20:47:35.542+08:00  INFO 14720 --- [demo] [restartedMain] o.apache.catalina.core.StandardEngine    : Starting Servlet engine: [Apache Tomcat/10.1.43]
2025-08-14T20:47:35.622+08:00  INFO 14720 --- [demo] [restartedMain] o.a.c.c.C.[Tomcat].[localhost].[/]       : Initializing Spring embedded WebApplicationContext
2025-08-14T20:47:35.622+08:00  INFO 14720 --- [demo] [restartedMain] w.s.c.ServletWebServerApplicationContext : Root WebApplicationContext: initialization completed in 2968 ms
2025-08-14T20:47:36.066+08:00  INFO 14720 --- [demo] [restartedMain] o.hibernate.jpa.internal.util.LogHelper  : HHH000204: Processing PersistenceUnitInfo [name: default]
2025-08-14T20:47:36.225+08:00  INFO 14720 --- [demo] [restartedMain] org.hibernate.Version                    : HHH000412: Hibernate ORM core version 6.6.22.Final
2025-08-14T20:47:36.297+08:00  INFO 14720 --- [demo] [restartedMain] o.h.c.internal.RegionFactoryInitiator    : HHH000026: Second-level cache disabled
2025-08-14T20:47:36.861+08:00  INFO 14720 --- [demo] [restartedMain] o.s.o.j.p.SpringPersistenceUnitInfo      : No LoadTimeWeaver setup: ignoring JPA class transformer
2025-08-14T20:47:36.909+08:00  INFO 14720 --- [demo] [restartedMain] com.zaxxer.hikari.HikariDataSource       : HikariPool-1 - Starting...
2025-08-14T20:47:37.275+08:00  INFO 14720 --- [demo] [restartedMain] com.zaxxer.hikari.pool.HikariPool        : HikariPool-1 - Added connection com.mysql.cj.jdbc.ConnectionImpl@295c54fe
2025-08-14T20:47:37.275+08:00  INFO 14720 --- [demo] [restartedMain] com.zaxxer.hikari.HikariDataSource       : HikariPool-1 - Start completed.
2025-08-14T20:47:37.338+08:00  WARN 14720 --- [demo] [restartedMain] org.hibernate.orm.deprecation            : HHH90000025: MySQL8Dialect does not need to be specified explicitly using 'hibernate.dialect' (remove the property setting and it will be selected by default)
2025-08-14T20:47:37.338+08:00  WARN 14720 --- [demo] [restartedMain] org.hibernate.orm.deprecation            : HHH90000026: MySQL8Dialect has been deprecated; use org.hibernate.dialect.MySQLDialect instead
2025-08-14T20:47:37.354+08:00  INFO 14720 --- [demo] [restartedMain] org.hibernate.orm.connections.pooling    : HHH10001005: Database info:
	Database JDBC URL [Connecting through datasource 'HikariDataSource (HikariPool-1)']
	Database driver: undefined/unknown
	Database version: 8.0
	Autocommit mode: undefined/unknown
	Isolation level: undefined/unknown
	Minimum pool size: undefined/unknown
	Maximum pool size: undefined/unknown
2025-08-14T20:47:38.456+08:00  INFO 14720 --- [demo] [restartedMain] o.h.e.t.j.p.i.JtaPlatformInitiator       : HHH000489: No JTA platform available (set 'hibernate.transaction.jta.platform' to enable JTA platform integration)
2025-08-14T20:47:38.519+08:00  INFO 14720 --- [demo] [restartedMain] j.LocalContainerEntityManagerFactoryBean : Initialized JPA EntityManagerFactory for persistence unit 'default'
2025-08-14T20:47:39.485+08:00  WARN 14720 --- [demo] [restartedMain] JpaBaseConfiguration$JpaWebConfiguration : spring.jpa.open-in-view is enabled by default. Therefore, database queries may be performed during view rendering. Explicitly configure spring.jpa.open-in-view to disable this warning
2025-08-14T20:47:40.626+08:00  INFO 14720 --- [demo] [restartedMain] o.s.b.d.a.OptionalLiveReloadServer       : LiveReload server is running on port 35729
2025-08-14T20:47:40.705+08:00  INFO 14720 --- [demo] [restartedMain] o.s.b.w.embedded.tomcat.TomcatWebServer  : Tomcat started on port 8080 (http) with context path '/'
2025-08-14T20:47:40.721+08:00  INFO 14720 --- [demo] [restartedMain] c.m.d.application.SpringBootApplication  : Started SpringBootApplication in 9.151 seconds (process running for 9.886)
2025-08-14T20:47:45.438+08:00  INFO 14720 --- [demo] [http-nio-8080-exec-3] o.a.c.c.C.[Tomcat].[localhost].[/]       : Initializing Spring DispatcherServlet 'dispatcherServlet'
2025-08-14T20:47:45.438+08:00  INFO 14720 --- [demo] [http-nio-8080-exec-3] o.s.web.servlet.DispatcherServlet        : Initializing Servlet 'dispatcherServlet'
2025-08-14T20:47:45.438+08:00  INFO 14720 --- [demo] [http-nio-8080-exec-3] o.s.web.servlet.DispatcherServlet        : Completed initialization in 0 ms
2025-08-14T20:47:45.619+08:00  INFO 14720 --- [demo] [http-nio-8080-exec-3] c.m.demo.aspect.LoggingMethodAspect      : ------- getAccountDetails started 
2025-08-14T20:47:45.623+08:00  INFO 14720 --- [demo] [http-nio-8080-exec-3] c.m.demo.aspect.LoggingMethodAspect      : ------- Parameters :[1]
2025-08-14T20:47:45.623+08:00  INFO 14720 --- [demo] [http-nio-8080-exec-3] c.m.demo.aspect.LoggingMethodAspect      : ------- findAccountById started 
2025-08-14T20:47:45.625+08:00  INFO 14720 --- [demo] [http-nio-8080-exec-3] c.m.demo.aspect.LoggingMethodAspect      : ------- Parameters :[1]
2025-08-14T20:47:45.796+08:00  INFO 14720 --- [demo] [http-nio-8080-exec-3] c.m.demo.aspect.LoggingMethodAspect      : ------- findAccountById completed 
2025-08-14T20:47:45.842+08:00  WARN 14720 --- [demo] [http-nio-8080-exec-3] .m.m.a.ExceptionHandlerExceptionResolver : Resolved [java.lang.NullPointerException: Cannot invoke "java.util.Optional.orElseThrow(java.util.function.Supplier)" because the return value of "com.maybank.demo.service.AccountService.findAccountById(java.lang.Long)" is null]
2025-08-14T20:47:45.844+08:00  INFO 14720 --- [demo] [http-nio-8080-exec-3] com.maybank.demo.filter.LoggingFilter    : Incoming Request: GET /api/accounts/1 Body: 
2025-08-14T20:47:45.844+08:00  INFO 14720 --- [demo] [http-nio-8080-exec-3] com.maybank.demo.filter.LoggingFilter    : Outgoing Response: Status: 500 Body: {"error":"Internal server error: Cannot invoke \"java.util.Optional.orElseThrow(java.util.function.Supplier)\" because the return value of \"com.maybank.demo.service.AccountService.findAccountById(java.lang.Long)\" is null"}
2025-08-14T20:47:48.149+08:00  INFO 14720 --- [demo] [http-nio-8080-exec-4] c.m.demo.aspect.LoggingMethodAspect      : ------- getAccountDetails started 
2025-08-14T20:47:48.150+08:00  INFO 14720 --- [demo] [http-nio-8080-exec-4] c.m.demo.aspect.LoggingMethodAspect      : ------- Parameters :[1]
2025-08-14T20:47:48.150+08:00  INFO 14720 --- [demo] [http-nio-8080-exec-4] c.m.demo.aspect.LoggingMethodAspect      : ------- findAccountById started 
2025-08-14T20:47:48.150+08:00  INFO 14720 --- [demo] [http-nio-8080-exec-4] c.m.demo.aspect.LoggingMethodAspect      : ------- Parameters :[1]
2025-08-14T20:47:48.163+08:00  INFO 14720 --- [demo] [http-nio-8080-exec-4] c.m.demo.aspect.LoggingMethodAspect      : ------- findAccountById completed 
2025-08-14T20:47:48.167+08:00  WARN 14720 --- [demo] [http-nio-8080-exec-4] .m.m.a.ExceptionHandlerExceptionResolver : Resolved [java.lang.NullPointerException: Cannot invoke "java.util.Optional.orElseThrow(java.util.function.Supplier)" because the return value of "com.maybank.demo.service.AccountService.findAccountById(java.lang.Long)" is null]
2025-08-14T20:47:48.168+08:00  INFO 14720 --- [demo] [http-nio-8080-exec-4] com.maybank.demo.filter.LoggingFilter    : Incoming Request: GET /api/accounts/1 Body: 
2025-08-14T20:47:48.169+08:00  INFO 14720 --- [demo] [http-nio-8080-exec-4] com.maybank.demo.filter.LoggingFilter    : Outgoing Response: Status: 500 Body: {"error":"Internal server error: Cannot invoke \"java.util.Optional.orElseThrow(java.util.function.Supplier)\" because the return value of \"com.maybank.demo.service.AccountService.findAccountById(java.lang.Long)\" is null"}
2025-08-14T20:48:21.751+08:00  INFO 14720 --- [demo] [SpringApplicationShutdownHook] o.s.b.w.e.tomcat.GracefulShutdown        : Commencing graceful shutdown. Waiting for active requests to complete
2025-08-14T20:48:21.867+08:00  INFO 14720 --- [demo] [tomcat-shutdown] o.s.b.w.e.tomcat.GracefulShutdown        : Graceful shutdown complete
2025-08-14T20:48:21.872+08:00  INFO 14720 --- [demo] [SpringApplicationShutdownHook] j.LocalContainerEntityManagerFactoryBean : Closing JPA EntityManagerFactory for persistence unit 'default'
2025-08-14T20:48:21.876+08:00  INFO 14720 --- [demo] [SpringApplicationShutdownHook] com.zaxxer.hikari.HikariDataSource       : HikariPool-1 - Shutdown initiated...
2025-08-14T20:48:21.884+08:00  INFO 14720 --- [demo] [SpringApplicationShutdownHook] com.zaxxer.hikari.HikariDataSource       : HikariPool-1 - Shutdown completed.
2025-08-14T20:48:26.634+08:00  INFO 8588 --- [demo] [restartedMain] c.m.d.application.SpringBootApplication  : Starting SpringBootApplication using Java 17.0.9 with PID 8588 (C:\Users\doubl\OneDrive\maybank interview assessment\target\classes started by doubl in C:\Users\doubl\OneDrive\maybank interview assessment)
2025-08-14T20:48:26.634+08:00  INFO 8588 --- [demo] [restartedMain] c.m.d.application.SpringBootApplication  : No active profile set, falling back to 1 default profile: "default"
2025-08-14T20:48:26.811+08:00  INFO 8588 --- [demo] [restartedMain] .e.DevToolsPropertyDefaultsPostProcessor : Devtools property defaults active! Set 'spring.devtools.add-properties' to 'false' to disable
2025-08-14T20:48:26.811+08:00  INFO 8588 --- [demo] [restartedMain] .e.DevToolsPropertyDefaultsPostProcessor : For additional web related logging consider setting the 'logging.level.web' property to 'DEBUG'
2025-08-14T20:48:27.936+08:00  INFO 8588 --- [demo] [restartedMain] .s.d.r.c.RepositoryConfigurationDelegate : Bootstrapping Spring Data JPA repositories in DEFAULT mode.
2025-08-14T20:48:28.015+08:00  INFO 8588 --- [demo] [restartedMain] .s.d.r.c.RepositoryConfigurationDelegate : Finished Spring Data repository scanning in 68 ms. Found 2 JPA repository interfaces.
2025-08-14T20:48:29.689+08:00  INFO 8588 --- [demo] [restartedMain] o.s.b.w.embedded.tomcat.TomcatWebServer  : Tomcat initialized with port 8080 (http)
2025-08-14T20:48:29.704+08:00  INFO 8588 --- [demo] [restartedMain] o.apache.catalina.core.StandardService   : Starting service [Tomcat]
2025-08-14T20:48:29.704+08:00  INFO 8588 --- [demo] [restartedMain] o.apache.catalina.core.StandardEngine    : Starting Servlet engine: [Apache Tomcat/10.1.43]
2025-08-14T20:48:29.800+08:00  INFO 8588 --- [demo] [restartedMain] o.a.c.c.C.[Tomcat].[localhost].[/]       : Initializing Spring embedded WebApplicationContext
2025-08-14T20:48:29.800+08:00  INFO 8588 --- [demo] [restartedMain] w.s.c.ServletWebServerApplicationContext : Root WebApplicationContext: initialization completed in 2989 ms
2025-08-14T20:48:30.228+08:00  INFO 8588 --- [demo] [restartedMain] o.hibernate.jpa.internal.util.LogHelper  : HHH000204: Processing PersistenceUnitInfo [name: default]
2025-08-14T20:48:30.370+08:00  INFO 8588 --- [demo] [restartedMain] org.hibernate.Version                    : HHH000412: Hibernate ORM core version 6.6.22.Final
2025-08-14T20:48:30.500+08:00  INFO 8588 --- [demo] [restartedMain] o.h.c.internal.RegionFactoryInitiator    : HHH000026: Second-level cache disabled
2025-08-14T20:48:31.055+08:00  INFO 8588 --- [demo] [restartedMain] o.s.o.j.p.SpringPersistenceUnitInfo      : No LoadTimeWeaver setup: ignoring JPA class transformer
2025-08-14T20:48:31.131+08:00  INFO 8588 --- [demo] [restartedMain] com.zaxxer.hikari.HikariDataSource       : HikariPool-1 - Starting...
2025-08-14T20:48:31.588+08:00  INFO 8588 --- [demo] [restartedMain] com.zaxxer.hikari.pool.HikariPool        : HikariPool-1 - Added connection com.mysql.cj.jdbc.ConnectionImpl@673839ff
2025-08-14T20:48:31.588+08:00  INFO 8588 --- [demo] [restartedMain] com.zaxxer.hikari.HikariDataSource       : HikariPool-1 - Start completed.
2025-08-14T20:48:31.623+08:00  WARN 8588 --- [demo] [restartedMain] org.hibernate.orm.deprecation            : HHH90000025: MySQL8Dialect does not need to be specified explicitly using 'hibernate.dialect' (remove the property setting and it will be selected by default)
2025-08-14T20:48:31.623+08:00  WARN 8588 --- [demo] [restartedMain] org.hibernate.orm.deprecation            : HHH90000026: MySQL8Dialect has been deprecated; use org.hibernate.dialect.MySQLDialect instead
2025-08-14T20:48:31.651+08:00  INFO 8588 --- [demo] [restartedMain] org.hibernate.orm.connections.pooling    : HHH10001005: Database info:
	Database JDBC URL [Connecting through datasource 'HikariDataSource (HikariPool-1)']
	Database driver: undefined/unknown
	Database version: 8.0
	Autocommit mode: undefined/unknown
	Isolation level: undefined/unknown
	Minimum pool size: undefined/unknown
	Maximum pool size: undefined/unknown
2025-08-14T20:48:32.765+08:00  INFO 8588 --- [demo] [restartedMain] o.h.e.t.j.p.i.JtaPlatformInitiator       : HHH000489: No JTA platform available (set 'hibernate.transaction.jta.platform' to enable JTA platform integration)
2025-08-14T20:48:32.813+08:00  INFO 8588 --- [demo] [restartedMain] j.LocalContainerEntityManagerFactoryBean : Initialized JPA EntityManagerFactory for persistence unit 'default'
2025-08-14T20:48:33.336+08:00  WARN 8588 --- [demo] [restartedMain] JpaBaseConfiguration$JpaWebConfiguration : spring.jpa.open-in-view is enabled by default. Therefore, database queries may be performed during view rendering. Explicitly configure spring.jpa.open-in-view to disable this warning
2025-08-14T20:48:34.158+08:00  INFO 8588 --- [demo] [restartedMain] o.s.b.d.a.OptionalLiveReloadServer       : LiveReload server is running on port 35729
2025-08-14T20:48:34.237+08:00  INFO 8588 --- [demo] [restartedMain] o.s.b.w.embedded.tomcat.TomcatWebServer  : Tomcat started on port 8080 (http) with context path '/'
2025-08-14T20:48:34.253+08:00  INFO 8588 --- [demo] [restartedMain] c.m.d.application.SpringBootApplication  : Started SpringBootApplication in 8.483 seconds (process running for 9.135)
2025-08-14T20:48:39.592+08:00  INFO 8588 --- [demo] [http-nio-8080-exec-1] o.a.c.c.C.[Tomcat].[localhost].[/]       : Initializing Spring DispatcherServlet 'dispatcherServlet'
2025-08-14T20:48:39.592+08:00  INFO 8588 --- [demo] [http-nio-8080-exec-1] o.s.web.servlet.DispatcherServlet        : Initializing Servlet 'dispatcherServlet'
2025-08-14T20:48:39.594+08:00  INFO 8588 --- [demo] [http-nio-8080-exec-1] o.s.web.servlet.DispatcherServlet        : Completed initialization in 2 ms
2025-08-14T20:48:39.919+08:00  INFO 8588 --- [demo] [http-nio-8080-exec-1] com.maybank.demo.filter.LoggingFilter    : Incoming Request: GET /api/accounts/1 Body: 
2025-08-14T20:48:39.919+08:00  INFO 8588 --- [demo] [http-nio-8080-exec-1] com.maybank.demo.filter.LoggingFilter    : Outgoing Response: Status: 200 Body: {"id":1,"name":"John Doe","email":"john.doe@example.com","balance":1150.5}
2025-08-14T20:50:08.503+08:00  INFO 8588 --- [demo] [SpringApplicationShutdownHook] o.s.b.w.e.tomcat.GracefulShutdown        : Commencing graceful shutdown. Waiting for active requests to complete
2025-08-14T20:50:08.604+08:00  INFO 8588 --- [demo] [tomcat-shutdown] o.s.b.w.e.tomcat.GracefulShutdown        : Graceful shutdown complete
2025-08-14T20:50:08.609+08:00  INFO 8588 --- [demo] [SpringApplicationShutdownHook] j.LocalContainerEntityManagerFactoryBean : Closing JPA EntityManagerFactory for persistence unit 'default'
2025-08-14T20:50:08.612+08:00  INFO 8588 --- [demo] [SpringApplicationShutdownHook] com.zaxxer.hikari.HikariDataSource       : HikariPool-1 - Shutdown initiated...
2025-08-14T20:50:08.621+08:00  INFO 8588 --- [demo] [SpringApplicationShutdownHook] com.zaxxer.hikari.HikariDataSource       : HikariPool-1 - Shutdown completed.
2025-08-14T20:50:13.345+08:00  INFO 6776 --- [demo] [restartedMain] c.m.d.application.SpringBootApplication  : Starting SpringBootApplication using Java 17.0.9 with PID 6776 (C:\Users\doubl\OneDrive\maybank interview assessment\target\classes started by doubl in C:\Users\doubl\OneDrive\maybank interview assessment)
2025-08-14T20:50:13.349+08:00  INFO 6776 --- [demo] [restartedMain] c.m.d.application.SpringBootApplication  : No active profile set, falling back to 1 default profile: "default"
2025-08-14T20:50:13.513+08:00  INFO 6776 --- [demo] [restartedMain] .e.DevToolsPropertyDefaultsPostProcessor : Devtools property defaults active! Set 'spring.devtools.add-properties' to 'false' to disable
2025-08-14T20:50:13.514+08:00  INFO 6776 --- [demo] [restartedMain] .e.DevToolsPropertyDefaultsPostProcessor : For additional web related logging consider setting the 'logging.level.web' property to 'DEBUG'
2025-08-14T20:50:14.502+08:00  INFO 6776 --- [demo] [restartedMain] .s.d.r.c.RepositoryConfigurationDelegate : Bootstrapping Spring Data JPA repositories in DEFAULT mode.
2025-08-14T20:50:14.578+08:00  INFO 6776 --- [demo] [restartedMain] .s.d.r.c.RepositoryConfigurationDelegate : Finished Spring Data repository scanning in 63 ms. Found 2 JPA repository interfaces.
2025-08-14T20:50:16.340+08:00  INFO 6776 --- [demo] [restartedMain] o.s.b.w.embedded.tomcat.TomcatWebServer  : Tomcat initialized with port 8080 (http)
2025-08-14T20:50:16.373+08:00  INFO 6776 --- [demo] [restartedMain] o.apache.catalina.core.StandardService   : Starting service [Tomcat]
2025-08-14T20:50:16.373+08:00  INFO 6776 --- [demo] [restartedMain] o.apache.catalina.core.StandardEngine    : Starting Servlet engine: [Apache Tomcat/10.1.43]
2025-08-14T20:50:16.444+08:00  INFO 6776 --- [demo] [restartedMain] o.a.c.c.C.[Tomcat].[localhost].[/]       : Initializing Spring embedded WebApplicationContext
2025-08-14T20:50:16.446+08:00  INFO 6776 --- [demo] [restartedMain] w.s.c.ServletWebServerApplicationContext : Root WebApplicationContext: initialization completed in 2930 ms
2025-08-14T20:50:16.917+08:00  INFO 6776 --- [demo] [restartedMain] o.hibernate.jpa.internal.util.LogHelper  : HHH000204: Processing PersistenceUnitInfo [name: default]
2025-08-14T20:50:17.047+08:00  INFO 6776 --- [demo] [restartedMain] org.hibernate.Version                    : HHH000412: Hibernate ORM core version 6.6.22.Final
2025-08-14T20:50:17.132+08:00  INFO 6776 --- [demo] [restartedMain] o.h.c.internal.RegionFactoryInitiator    : HHH000026: Second-level cache disabled
2025-08-14T20:50:17.810+08:00  INFO 6776 --- [demo] [restartedMain] o.s.o.j.p.SpringPersistenceUnitInfo      : No LoadTimeWeaver setup: ignoring JPA class transformer
2025-08-14T20:50:17.880+08:00  INFO 6776 --- [demo] [restartedMain] com.zaxxer.hikari.HikariDataSource       : HikariPool-1 - Starting...
2025-08-14T20:50:18.361+08:00  INFO 6776 --- [demo] [restartedMain] com.zaxxer.hikari.pool.HikariPool        : HikariPool-1 - Added connection com.mysql.cj.jdbc.ConnectionImpl@50542c24
2025-08-14T20:50:18.370+08:00  INFO 6776 --- [demo] [restartedMain] com.zaxxer.hikari.HikariDataSource       : HikariPool-1 - Start completed.
2025-08-14T20:50:18.435+08:00  WARN 6776 --- [demo] [restartedMain] org.hibernate.orm.deprecation            : HHH90000025: MySQL8Dialect does not need to be specified explicitly using 'hibernate.dialect' (remove the property setting and it will be selected by default)
2025-08-14T20:50:18.436+08:00  WARN 6776 --- [demo] [restartedMain] org.hibernate.orm.deprecation            : HHH90000026: MySQL8Dialect has been deprecated; use org.hibernate.dialect.MySQLDialect instead
2025-08-14T20:50:18.475+08:00  INFO 6776 --- [demo] [restartedMain] org.hibernate.orm.connections.pooling    : HHH10001005: Database info:
	Database JDBC URL [Connecting through datasource 'HikariDataSource (HikariPool-1)']
	Database driver: undefined/unknown
	Database version: 8.0
	Autocommit mode: undefined/unknown
	Isolation level: undefined/unknown
	Minimum pool size: undefined/unknown
	Maximum pool size: undefined/unknown
2025-08-14T20:50:19.564+08:00  INFO 6776 --- [demo] [restartedMain] o.h.e.t.j.p.i.JtaPlatformInitiator       : HHH000489: No JTA platform available (set 'hibernate.transaction.jta.platform' to enable JTA platform integration)
2025-08-14T20:50:19.616+08:00  INFO 6776 --- [demo] [restartedMain] j.LocalContainerEntityManagerFactoryBean : Initialized JPA EntityManagerFactory for persistence unit 'default'
2025-08-14T20:50:20.484+08:00  WARN 6776 --- [demo] [restartedMain] JpaBaseConfiguration$JpaWebConfiguration : spring.jpa.open-in-view is enabled by default. Therefore, database queries may be performed during view rendering. Explicitly configure spring.jpa.open-in-view to disable this warning
2025-08-14T20:50:21.721+08:00  INFO 6776 --- [demo] [restartedMain] o.s.b.d.a.OptionalLiveReloadServer       : LiveReload server is running on port 35729
2025-08-14T20:50:21.804+08:00  INFO 6776 --- [demo] [restartedMain] o.s.b.w.embedded.tomcat.TomcatWebServer  : Tomcat started on port 8080 (http) with context path '/'
2025-08-14T20:50:21.825+08:00  INFO 6776 --- [demo] [restartedMain] c.m.d.application.SpringBootApplication  : Started SpringBootApplication in 9.453 seconds (process running for 10.146)
2025-08-14T20:50:29.228+08:00  INFO 6776 --- [demo] [http-nio-8080-exec-2] o.a.c.c.C.[Tomcat].[localhost].[/]       : Initializing Spring DispatcherServlet 'dispatcherServlet'
2025-08-14T20:50:29.228+08:00  INFO 6776 --- [demo] [http-nio-8080-exec-2] o.s.web.servlet.DispatcherServlet        : Initializing Servlet 'dispatcherServlet'
2025-08-14T20:50:29.231+08:00  INFO 6776 --- [demo] [http-nio-8080-exec-2] o.s.web.servlet.DispatcherServlet        : Completed initialization in 3 ms
2025-08-14T20:50:29.445+08:00  INFO 6776 --- [demo] [http-nio-8080-exec-2] c.m.demo.aspect.LoggingMethodAspect      : ------- getAccountDetails started--------- 
2025-08-14T20:50:29.447+08:00  INFO 6776 --- [demo] [http-nio-8080-exec-2] c.m.demo.aspect.LoggingMethodAspect      : ------- Parameters :[1]
2025-08-14T20:50:29.448+08:00  INFO 6776 --- [demo] [http-nio-8080-exec-2] c.m.demo.aspect.LoggingMethodAspect      : ------- findAccountById started--------- 
2025-08-14T20:50:29.448+08:00  INFO 6776 --- [demo] [http-nio-8080-exec-2] c.m.demo.aspect.LoggingMethodAspect      : ------- Parameters :[1]
2025-08-14T20:50:29.597+08:00  INFO 6776 --- [demo] [http-nio-8080-exec-2] c.m.demo.aspect.LoggingMethodAspect      : ------- findAccountById completed------ 
2025-08-14T20:50:29.601+08:00  INFO 6776 --- [demo] [http-nio-8080-exec-2] c.m.demo.aspect.LoggingMethodAspect      : ------- getAccountDetails completed------ 
2025-08-14T20:50:29.652+08:00  INFO 6776 --- [demo] [http-nio-8080-exec-2] com.maybank.demo.filter.LoggingFilter    : Incoming Request: GET /api/accounts/1 Body: 
2025-08-14T20:50:29.652+08:00  INFO 6776 --- [demo] [http-nio-8080-exec-2] com.maybank.demo.filter.LoggingFilter    : Outgoing Response: Status: 200 Body: {"id":1,"name":"John Doe","email":"john.doe@example.com","balance":1150.5}
2025-08-14T20:50:34.268+08:00  INFO 6776 --- [demo] [http-nio-8080-exec-3] c.m.demo.aspect.LoggingMethodAspect      : ------- getAccounts started--------- 
2025-08-14T20:50:34.268+08:00  INFO 6776 --- [demo] [http-nio-8080-exec-3] c.m.demo.aspect.LoggingMethodAspect      : ------- Parameters :[0, 10]
2025-08-14T20:50:34.269+08:00  INFO 6776 --- [demo] [http-nio-8080-exec-3] c.m.demo.aspect.LoggingMethodAspect      : ------- findAccounts started--------- 
2025-08-14T20:50:34.269+08:00  INFO 6776 --- [demo] [http-nio-8080-exec-3] c.m.demo.aspect.LoggingMethodAspect      : ------- Parameters :[0, 10]
2025-08-14T20:50:34.270+08:00  INFO 6776 --- [demo] [http-nio-8080-exec-3] c.maybank.demo.service.AccountService    : ------------Start AccountService -> findAccounts()------------
2025-08-14T20:50:34.271+08:00  INFO 6776 --- [demo] [http-nio-8080-exec-3] c.maybank.demo.service.AccountService    : Page Number: 0 PageSize: 10
2025-08-14T20:50:34.577+08:00  INFO 6776 --- [demo] [http-nio-8080-exec-3] c.maybank.demo.service.AccountService    : ------------End AccountService -> findAccounts()------------
2025-08-14T20:50:34.578+08:00  INFO 6776 --- [demo] [http-nio-8080-exec-3] c.m.demo.aspect.LoggingMethodAspect      : ------- findAccounts completed------ 
2025-08-14T20:50:34.579+08:00  INFO 6776 --- [demo] [http-nio-8080-exec-3] c.m.demo.aspect.LoggingMethodAspect      : ------- getAccounts completed------ 
2025-08-14T20:50:34.600+08:00  INFO 6776 --- [demo] [http-nio-8080-exec-3] com.maybank.demo.filter.LoggingFilter    : Incoming Request: GET /api/accounts Body: 
2025-08-14T20:50:34.601+08:00  INFO 6776 --- [demo] [http-nio-8080-exec-3] com.maybank.demo.filter.LoggingFilter    : Outgoing Response: Status: 200 Body: [{"id":1,"name":"John Doe","email":"john.doe@example.com","balance":1150.5},{"id":2,"name":"Min Yue","email":"minyue@example.com","balance":950.5}]
2025-08-14T20:51:34.890+08:00  INFO 6776 --- [demo] [SpringApplicationShutdownHook] o.s.b.w.e.tomcat.GracefulShutdown        : Commencing graceful shutdown. Waiting for active requests to complete
2025-08-14T20:51:34.981+08:00  INFO 6776 --- [demo] [tomcat-shutdown] o.s.b.w.e.tomcat.GracefulShutdown        : Graceful shutdown complete
2025-08-14T20:51:34.997+08:00  INFO 6776 --- [demo] [SpringApplicationShutdownHook] j.LocalContainerEntityManagerFactoryBean : Closing JPA EntityManagerFactory for persistence unit 'default'
2025-08-14T20:51:34.997+08:00  INFO 6776 --- [demo] [SpringApplicationShutdownHook] com.zaxxer.hikari.HikariDataSource       : HikariPool-1 - Shutdown initiated...
2025-08-14T20:51:34.997+08:00  INFO 6776 --- [demo] [SpringApplicationShutdownHook] com.zaxxer.hikari.HikariDataSource       : HikariPool-1 - Shutdown completed.
2025-08-14T20:51:39.878+08:00  INFO 17088 --- [demo] [restartedMain] c.m.d.application.SpringBootApplication  : Starting SpringBootApplication using Java 17.0.9 with PID 17088 (C:\Users\doubl\OneDrive\maybank interview assessment\target\classes started by doubl in C:\Users\doubl\OneDrive\maybank interview assessment)
2025-08-14T20:51:39.890+08:00  INFO 17088 --- [demo] [restartedMain] c.m.d.application.SpringBootApplication  : No active profile set, falling back to 1 default profile: "default"
2025-08-14T20:51:40.055+08:00  INFO 17088 --- [demo] [restartedMain] .e.DevToolsPropertyDefaultsPostProcessor : Devtools property defaults active! Set 'spring.devtools.add-properties' to 'false' to disable
2025-08-14T20:51:40.055+08:00  INFO 17088 --- [demo] [restartedMain] .e.DevToolsPropertyDefaultsPostProcessor : For additional web related logging consider setting the 'logging.level.web' property to 'DEBUG'
2025-08-14T20:51:41.009+08:00  INFO 17088 --- [demo] [restartedMain] .s.d.r.c.RepositoryConfigurationDelegate : Bootstrapping Spring Data JPA repositories in DEFAULT mode.
2025-08-14T20:51:41.089+08:00  INFO 17088 --- [demo] [restartedMain] .s.d.r.c.RepositoryConfigurationDelegate : Finished Spring Data repository scanning in 59 ms. Found 2 JPA repository interfaces.
2025-08-14T20:51:42.878+08:00  INFO 17088 --- [demo] [restartedMain] o.s.b.w.embedded.tomcat.TomcatWebServer  : Tomcat initialized with port 8080 (http)
2025-08-14T20:51:42.910+08:00  INFO 17088 --- [demo] [restartedMain] o.apache.catalina.core.StandardService   : Starting service [Tomcat]
2025-08-14T20:51:42.910+08:00  INFO 17088 --- [demo] [restartedMain] o.apache.catalina.core.StandardEngine    : Starting Servlet engine: [Apache Tomcat/10.1.43]
2025-08-14T20:51:42.989+08:00  INFO 17088 --- [demo] [restartedMain] o.a.c.c.C.[Tomcat].[localhost].[/]       : Initializing Spring embedded WebApplicationContext
2025-08-14T20:51:42.989+08:00  INFO 17088 --- [demo] [restartedMain] w.s.c.ServletWebServerApplicationContext : Root WebApplicationContext: initialization completed in 2934 ms
2025-08-14T20:51:43.448+08:00  INFO 17088 --- [demo] [restartedMain] o.hibernate.jpa.internal.util.LogHelper  : HHH000204: Processing PersistenceUnitInfo [name: default]
2025-08-14T20:51:43.543+08:00  INFO 17088 --- [demo] [restartedMain] org.hibernate.Version                    : HHH000412: Hibernate ORM core version 6.6.22.Final
2025-08-14T20:51:43.638+08:00  INFO 17088 --- [demo] [restartedMain] o.h.c.internal.RegionFactoryInitiator    : HHH000026: Second-level cache disabled
2025-08-14T20:51:44.089+08:00  INFO 17088 --- [demo] [restartedMain] o.s.o.j.p.SpringPersistenceUnitInfo      : No LoadTimeWeaver setup: ignoring JPA class transformer
2025-08-14T20:51:44.146+08:00  INFO 17088 --- [demo] [restartedMain] com.zaxxer.hikari.HikariDataSource       : HikariPool-1 - Starting...
2025-08-14T20:51:44.612+08:00  INFO 17088 --- [demo] [restartedMain] com.zaxxer.hikari.pool.HikariPool        : HikariPool-1 - Added connection com.mysql.cj.jdbc.ConnectionImpl@21484de1
2025-08-14T20:51:44.614+08:00  INFO 17088 --- [demo] [restartedMain] com.zaxxer.hikari.HikariDataSource       : HikariPool-1 - Start completed.
2025-08-14T20:51:44.688+08:00  WARN 17088 --- [demo] [restartedMain] org.hibernate.orm.deprecation            : HHH90000025: MySQL8Dialect does not need to be specified explicitly using 'hibernate.dialect' (remove the property setting and it will be selected by default)
2025-08-14T20:51:44.688+08:00  WARN 17088 --- [demo] [restartedMain] org.hibernate.orm.deprecation            : HHH90000026: MySQL8Dialect has been deprecated; use org.hibernate.dialect.MySQLDialect instead
2025-08-14T20:51:44.699+08:00  INFO 17088 --- [demo] [restartedMain] org.hibernate.orm.connections.pooling    : HHH10001005: Database info:
	Database JDBC URL [Connecting through datasource 'HikariDataSource (HikariPool-1)']
	Database driver: undefined/unknown
	Database version: 8.0
	Autocommit mode: undefined/unknown
	Isolation level: undefined/unknown
	Minimum pool size: undefined/unknown
	Maximum pool size: undefined/unknown
2025-08-14T20:51:45.767+08:00  INFO 17088 --- [demo] [restartedMain] o.h.e.t.j.p.i.JtaPlatformInitiator       : HHH000489: No JTA platform available (set 'hibernate.transaction.jta.platform' to enable JTA platform integration)
2025-08-14T20:51:45.815+08:00  INFO 17088 --- [demo] [restartedMain] j.LocalContainerEntityManagerFactoryBean : Initialized JPA EntityManagerFactory for persistence unit 'default'
2025-08-14T20:51:46.589+08:00  WARN 17088 --- [demo] [restartedMain] JpaBaseConfiguration$JpaWebConfiguration : spring.jpa.open-in-view is enabled by default. Therefore, database queries may be performed during view rendering. Explicitly configure spring.jpa.open-in-view to disable this warning
2025-08-14T20:51:47.511+08:00  INFO 17088 --- [demo] [restartedMain] o.s.b.d.a.OptionalLiveReloadServer       : LiveReload server is running on port 35729
2025-08-14T20:51:47.574+08:00  INFO 17088 --- [demo] [restartedMain] o.s.b.w.embedded.tomcat.TomcatWebServer  : Tomcat started on port 8080 (http) with context path '/'
2025-08-14T20:51:47.591+08:00  INFO 17088 --- [demo] [restartedMain] c.m.d.application.SpringBootApplication  : Started SpringBootApplication in 8.653 seconds (process running for 9.318)
2025-08-14T20:51:51.611+08:00  INFO 17088 --- [demo] [http-nio-8080-exec-1] o.a.c.c.C.[Tomcat].[localhost].[/]       : Initializing Spring DispatcherServlet 'dispatcherServlet'
2025-08-14T20:51:51.611+08:00  INFO 17088 --- [demo] [http-nio-8080-exec-1] o.s.web.servlet.DispatcherServlet        : Initializing Servlet 'dispatcherServlet'
2025-08-14T20:51:51.611+08:00  INFO 17088 --- [demo] [http-nio-8080-exec-1] o.s.web.servlet.DispatcherServlet        : Completed initialization in 0 ms
2025-08-14T20:51:51.769+08:00  INFO 17088 --- [demo] [http-nio-8080-exec-1] c.m.demo.aspect.LoggingMethodAspect      : ------- getAccounts started--------- 
2025-08-14T20:51:51.769+08:00  INFO 17088 --- [demo] [http-nio-8080-exec-1] c.m.demo.aspect.LoggingMethodAspect      : ------- Parameters :[0, 10]
2025-08-14T20:51:51.769+08:00  INFO 17088 --- [demo] [http-nio-8080-exec-1] c.m.demo.aspect.LoggingMethodAspect      : ------- findAccounts started--------- 
2025-08-14T20:51:51.769+08:00  INFO 17088 --- [demo] [http-nio-8080-exec-1] c.m.demo.aspect.LoggingMethodAspect      : ------- Parameters :[0, 10]
2025-08-14T20:51:52.004+08:00  INFO 17088 --- [demo] [http-nio-8080-exec-1] c.m.demo.aspect.LoggingMethodAspect      : ------- findAccounts completed------ 
2025-08-14T20:51:52.007+08:00  INFO 17088 --- [demo] [http-nio-8080-exec-1] c.m.demo.aspect.LoggingMethodAspect      : ------- getAccounts completed------ 
2025-08-14T20:51:52.102+08:00  INFO 17088 --- [demo] [http-nio-8080-exec-1] com.maybank.demo.filter.LoggingFilter    : Incoming Request: GET /api/accounts Body: 
2025-08-14T20:51:52.102+08:00  INFO 17088 --- [demo] [http-nio-8080-exec-1] com.maybank.demo.filter.LoggingFilter    : Outgoing Response: Status: 200 Body: [{"id":1,"name":"John Doe","email":"john.doe@example.com","balance":1150.5},{"id":2,"name":"Min Yue","email":"minyue@example.com","balance":950.5}]
2025-08-14T20:51:55.739+08:00  INFO 17088 --- [demo] [http-nio-8080-exec-4] c.m.demo.aspect.LoggingMethodAspect      : ------- getAccountDetails started--------- 
2025-08-14T20:51:55.740+08:00  INFO 17088 --- [demo] [http-nio-8080-exec-4] c.m.demo.aspect.LoggingMethodAspect      : ------- Parameters :[1]
2025-08-14T20:51:55.741+08:00  INFO 17088 --- [demo] [http-nio-8080-exec-4] c.m.demo.aspect.LoggingMethodAspect      : ------- findAccountById started--------- 
2025-08-14T20:51:55.742+08:00  INFO 17088 --- [demo] [http-nio-8080-exec-4] c.m.demo.aspect.LoggingMethodAspect      : ------- Parameters :[1]
2025-08-14T20:51:55.769+08:00  INFO 17088 --- [demo] [http-nio-8080-exec-4] c.m.demo.aspect.LoggingMethodAspect      : ------- findAccountById completed------ 
2025-08-14T20:51:55.771+08:00  INFO 17088 --- [demo] [http-nio-8080-exec-4] c.m.demo.aspect.LoggingMethodAspect      : ------- getAccountDetails completed------ 
2025-08-14T20:51:55.778+08:00  INFO 17088 --- [demo] [http-nio-8080-exec-4] com.maybank.demo.filter.LoggingFilter    : Incoming Request: GET /api/accounts/1 Body: 
2025-08-14T20:51:55.779+08:00  INFO 17088 --- [demo] [http-nio-8080-exec-4] com.maybank.demo.filter.LoggingFilter    : Outgoing Response: Status: 200 Body: {"id":1,"name":"John Doe","email":"john.doe@example.com","balance":1150.5}
